<?xml version="1.0" encoding="UTF-8"?>
<testng-results ignored="0" total="1" passed="1" failed="0" skipped="0">
  <reporter-output>
  </reporter-output>
  <suite started-at="2022-09-23T11:53:54 IST" name="Default suite" finished-at="2022-09-23T11:53:54 IST" duration-ms="61">
    <groups>
    </groups>
    <test started-at="2022-09-23T11:53:54 IST" name="Default test" finished-at="2022-09-23T11:53:54 IST" duration-ms="61">
      <class name="practice.Practice3Test">
        <test-method signature="practice3Test()[pri:0, instance:practice.Practice3Test@37858383]" started-at="2022-09-23T11:53:54 IST" name="practice3Test" finished-at="2022-09-23T11:53:54 IST" duration-ms="10" status="PASS">
          <reporter-output>
          </reporter-output>
        </test-method> <!-- practice3Test -->
      </class> <!-- practice.Practice3Test -->
    </test> <!-- Default test -->
  </suite> <!-- Default suite -->
</testng-results>
